c:\users\t_ai\desktop\backup_tflib_c\tflib_c_01062020_08h05\tflib_c_31052020_16h20\tflib_c\tflib_c\tflib_c\x64\release\tflib_c.pch
c:\users\t_ai\desktop\backup_tflib_c\tflib_c_01062020_08h05\tflib_c_31052020_16h20\tflib_c\tflib_c\tflib_c\x64\release\vc142.pdb
c:\users\t_ai\desktop\backup_tflib_c\tflib_c_01062020_08h05\tflib_c_31052020_16h20\tflib_c\tflib_c\tflib_c\x64\release\pch.obj
c:\users\t_ai\desktop\backup_tflib_c\tflib_c_01062020_08h05\tflib_c_31052020_16h20\tflib_c\tflib_c\tflib_c\x64\release\tflnoisedetection.obj
c:\users\t_ai\desktop\backup_tflib_c\tflib_c_01062020_08h05\tflib_c_31052020_16h20\tflib_c\tflib_c\tflib_c\x64\release\tfllicense.obj
c:\users\t_ai\desktop\backup_tflib_c\tflib_c_01062020_08h05\tflib_c_31052020_16h20\tflib_c\tflib_c\tflib_c\x64\release\tfldepthpcd.obj
c:\users\t_ai\desktop\backup_tflib_c\tflib_c_01062020_08h05\tflib_c_31052020_16h20\tflib_c\tflib_c\tflib_c\x64\release\tflcolormapping.obj
c:\users\t_ai\desktop\backup_tflib_c\tflib_c_01062020_08h05\tflib_c_31052020_16h20\tflib_c\tflib_c\tflib_c\x64\release\expirydate.obj
c:\users\t_ai\desktop\backup_tflib_c\tflib_c_01062020_08h05\tflib_c_31052020_16h20\tflib_c\tflib_c\tflib_c\x64\release\dllmain.obj
c:\users\t_ai\desktop\backup_tflib_c\tflib_c_01062020_08h05\tflib_c_31052020_16h20\tflib_c\tflib_c\x64\release\tflib_c.dll
c:\users\t_ai\desktop\backup_tflib_c\tflib_c_01062020_08h05\tflib_c_31052020_16h20\tflib_c\tflib_c\x64\release\tflib_c.pdb
c:\users\t_ai\desktop\backup_tflib_c\tflib_c_01062020_08h05\tflib_c_31052020_16h20\tflib_c\tflib_c\x64\release\tflib_c.lib
c:\users\t_ai\desktop\backup_tflib_c\tflib_c_01062020_08h05\tflib_c_31052020_16h20\tflib_c\tflib_c\x64\release\tflib_c.exp
c:\users\t_ai\desktop\backup_tflib_c\tflib_c_01062020_08h05\tflib_c_31052020_16h20\tflib_c\tflib_c\x64\release\tflib_c.ipdb
c:\users\t_ai\desktop\backup_tflib_c\tflib_c_01062020_08h05\tflib_c_31052020_16h20\tflib_c\tflib_c\x64\release\tflib_c.iobj
c:\users\t_ai\desktop\backup_tflib_c\tflib_c_01062020_08h05\tflib_c_31052020_16h20\tflib_c\tflib_c\tflib_c\x64\release\tflib_c.tlog\cl.command.1.tlog
c:\users\t_ai\desktop\backup_tflib_c\tflib_c_01062020_08h05\tflib_c_31052020_16h20\tflib_c\tflib_c\tflib_c\x64\release\tflib_c.tlog\cl.read.1.tlog
c:\users\t_ai\desktop\backup_tflib_c\tflib_c_01062020_08h05\tflib_c_31052020_16h20\tflib_c\tflib_c\tflib_c\x64\release\tflib_c.tlog\cl.write.1.tlog
c:\users\t_ai\desktop\backup_tflib_c\tflib_c_01062020_08h05\tflib_c_31052020_16h20\tflib_c\tflib_c\tflib_c\x64\release\tflib_c.tlog\link.command.1.tlog
c:\users\t_ai\desktop\backup_tflib_c\tflib_c_01062020_08h05\tflib_c_31052020_16h20\tflib_c\tflib_c\tflib_c\x64\release\tflib_c.tlog\link.read.1.tlog
c:\users\t_ai\desktop\backup_tflib_c\tflib_c_01062020_08h05\tflib_c_31052020_16h20\tflib_c\tflib_c\tflib_c\x64\release\tflib_c.tlog\link.write.1.tlog
c:\users\t_ai\desktop\backup_tflib_c\tflib_c_01062020_08h05\tflib_c_31052020_16h20\tflib_c\tflib_c\tflib_c\x64\release\tflib_c.tlog\tflib_c.write.1u.tlog
