d:\working\fpga3\tof_l\tof_streamer_win\tof_system v1.0\5 - tof-lib_v1.0\0 - merge_tfl\tfl\debug\tfl.pch
d:\working\fpga3\tof_l\tof_streamer_win\tof_system v1.0\5 - tof-lib_v1.0\0 - merge_tfl\tfl\debug\vc141.pdb
d:\working\fpga3\tof_l\tof_streamer_win\tof_system v1.0\5 - tof-lib_v1.0\0 - merge_tfl\tfl\debug\vc141.idb
d:\working\fpga3\tof_l\tof_streamer_win\tof_system v1.0\5 - tof-lib_v1.0\0 - merge_tfl\tfl\debug\stdafx.obj
d:\working\fpga3\tof_l\tof_streamer_win\tof_system v1.0\5 - tof-lib_v1.0\0 - merge_tfl\tfl\debug\tflnoise.obj
d:\working\fpga3\tof_l\tof_streamer_win\tof_system v1.0\5 - tof-lib_v1.0\0 - merge_tfl\tfl\debug\tfldepthtorgb.obj
d:\working\fpga3\tof_l\tof_streamer_win\tof_system v1.0\5 - tof-lib_v1.0\0 - merge_tfl\tfl\debug\tfldepthtopoints.obj
d:\working\fpga3\tof_l\tof_streamer_win\tof_system v1.0\5 - tof-lib_v1.0\0 - merge_tfl\tfl\debug\dllmain.obj
d:\working\fpga3\tof_l\tof_streamer_win\tof_system v1.0\5 - tof-lib_v1.0\0 - merge_tfl\debug\tfl.ilk
d:\working\fpga3\tof_l\tof_streamer_win\tof_system v1.0\5 - tof-lib_v1.0\0 - merge_tfl\debug\tfl.dll
d:\working\fpga3\tof_l\tof_streamer_win\tof_system v1.0\5 - tof-lib_v1.0\0 - merge_tfl\debug\tfl.pdb
d:\working\fpga3\tof_l\tof_streamer_win\tof_system v1.0\5 - tof-lib_v1.0\0 - merge_tfl\debug\tfl.lib
d:\working\fpga3\tof_l\tof_streamer_win\tof_system v1.0\5 - tof-lib_v1.0\0 - merge_tfl\debug\tfl.exp
d:\working\fpga3\tof_l\tof_streamer_win\tof_system v1.0\5 - tof-lib_v1.0\0 - merge_tfl\tfl\debug\tfl.tlog\cl.command.1.tlog
d:\working\fpga3\tof_l\tof_streamer_win\tof_system v1.0\5 - tof-lib_v1.0\0 - merge_tfl\tfl\debug\tfl.tlog\cl.read.1.tlog
d:\working\fpga3\tof_l\tof_streamer_win\tof_system v1.0\5 - tof-lib_v1.0\0 - merge_tfl\tfl\debug\tfl.tlog\cl.write.1.tlog
d:\working\fpga3\tof_l\tof_streamer_win\tof_system v1.0\5 - tof-lib_v1.0\0 - merge_tfl\tfl\debug\tfl.tlog\link.command.1.tlog
d:\working\fpga3\tof_l\tof_streamer_win\tof_system v1.0\5 - tof-lib_v1.0\0 - merge_tfl\tfl\debug\tfl.tlog\link.read.1.tlog
d:\working\fpga3\tof_l\tof_streamer_win\tof_system v1.0\5 - tof-lib_v1.0\0 - merge_tfl\tfl\debug\tfl.tlog\link.write.1.tlog
d:\working\fpga3\tof_l\tof_streamer_win\tof_system v1.0\5 - tof-lib_v1.0\0 - merge_tfl\tfl\debug\tfl.tlog\tfl.write.1u.tlog
